------------------------------------------------------------
/usr/bin/pip run on Wed Nov 20 07:13:36 2013
Downloading/unpacking redis
  Getting page http://pypi.python.org/simple/redis
  Could not fetch URL http://pypi.python.org/simple/redis: <urlopen error [Errno -2] Name or service not known>
  Will skip URL http://pypi.python.org/simple/redis when looking for download links for redis
  Getting page http://pypi.python.org/simple/
  Real name of requirement redis is redis
  URLs to search for versions for redis:
  * http://pypi.python.org/simple/redis/
  Getting page http://pypi.python.org/simple/redis/
  Could not fetch URL http://pypi.python.org/simple/redis/: <urlopen error [Errno -2] Name or service not known>
  Will skip URL http://pypi.python.org/simple/redis/ when looking for download links for redis
  Could not find any downloads that satisfy the requirement redis
No distributions at all found for redis
Exception information:
Traceback (most recent call last):
  File "/usr/lib/python2.7/dist-packages/pip/basecommand.py", line 126, in main
    self.run(options, args)
  File "/usr/lib/python2.7/dist-packages/pip/commands/install.py", line 223, in run
    requirement_set.prepare_files(finder, force_root_egg_info=self.bundle, bundle=self.bundle)
  File "/usr/lib/python2.7/dist-packages/pip/req.py", line 948, in prepare_files
    url = finder.find_requirement(req_to_install, upgrade=self.upgrade)
  File "/usr/lib/python2.7/dist-packages/pip/index.py", line 152, in find_requirement
    raise DistributionNotFound('No distributions at all found for %s' % req)
DistributionNotFound: No distributions at all found for redis
